<?xml version="1.0" encoding="UTF-8"?>
<testng-results ignored="0" total="1" passed="1" failed="0" skipped="0">
  <reporter-output>
  </reporter-output>
  <suite started-at="2024-01-01T20:35:03 IST" name="Suite" finished-at="2024-01-01T20:35:04 IST" duration-ms="375">
    <groups>
    </groups>
    <test started-at="2024-01-01T20:35:03 IST" name="Test" finished-at="2024-01-01T20:35:04 IST" duration-ms="375">
      <class name="api.test.XlsxReader">
        <test-method signature="readPropertyFile()[pri:1, instance:api.test.XlsxReader@ccb4b1b]" started-at="2024-01-01T20:35:04 IST" name="readPropertyFile" finished-at="2024-01-01T20:35:04 IST" duration-ms="20" status="PASS">
          <reporter-output>
          </reporter-output>
        </test-method> <!-- readPropertyFile -->
      </class> <!-- api.test.XlsxReader -->
    </test> <!-- Test -->
  </suite> <!-- Suite -->
</testng-results>
