<?xml version="1.0" encoding="UTF-8"?>
<testng-results ignored="1" total="2" passed="1" failed="0" skipped="0">
  <reporter-output>
  </reporter-output>
  <suite started-at="2024-01-01T20:06:03 IST" name="Suite" finished-at="2024-01-01T20:06:03 IST" duration-ms="506">
    <groups>
    </groups>
    <test started-at="2024-01-01T20:06:03 IST" name="Test" finished-at="2024-01-01T20:06:03 IST" duration-ms="506">
      <class name="api.test.XlsxReader">
        <test-method signature="readPropertyFile()[pri:1, instance:api.test.XlsxReader@74d1dc36]" started-at="2024-01-01T20:06:03 IST" name="readPropertyFile" finished-at="2024-01-01T20:06:03 IST" duration-ms="37" status="PASS">
          <reporter-output>
          </reporter-output>
        </test-method> <!-- readPropertyFile -->
      </class> <!-- api.test.XlsxReader -->
    </test> <!-- Test -->
  </suite> <!-- Suite -->
</testng-results>
